= Start
@ ./seq:[0x400b28] + 0x830550 0x20000
@ /lib/x86_64-linux-gnu/libc.so.6:[0x7fe75578e37d] + 0x850560 0x238
@ /lib/x86_64-linux-gnu/libc.so.6:[0x7fe75578e37d] + 0x8507a0 0x238
@ ./seq:[0x400ba3] + 0x7fe754710010 0x1000000
@ ./seq:[0x402bc9] + 0x7fe753700010 0x1000000
@ ./seq:[0x402f17] - 0x7fe753700010
@ ./seq:[0x400e0f] + 0x8509e0 0x144
@ ./seq:[0x400ebe] + 0x850b30 0x450
@ ./seq:[0x400ef3] + 0x850f90 0x40000
@ ./seq:[0x400efe] + 0x890fa0 0x40000
@ ./seq:[0x400f0e] + 0x8d0fb0 0x40000
@ ./seq:[0x400f41] + 0x910fc0 0x40000
@ ./seq:[0x400f4e] + 0x950fd0 0x40000
@ ./seq:[0x400f5b] + 0x990fe0 0x40000
@ ./seq:[0x400f6b] + 0x9d0ff0 0x40000
@ ./seq:[0x400f76] + 0xa11000 0x40000
@ ./seq:[0x400f94] + 0xa51010 0x8a0000
@ ./seq:[0x4012ed] - 0x8509e0
@ ./seq:[0x4012f7] - 0x850b30
@ ./seq:[0x4012ff] - 0x850f90
@ ./seq:[0x401309] - 0x910fc0
@ ./seq:[0x401313] - 0x950fd0
@ ./seq:[0x401320] - 0x990fe0
@ ./seq:[0x40132a] - 0x890fa0
@ ./seq:[0x401334] - 0x8d0fb0
@ ./seq:[0x40133c] - 0x9d0ff0
@ ./seq:[0x401346] - 0xa11000
@ ./seq:[0x400be4] - 0xa51010
@ /lib/x86_64-linux-gnu/libc.so.6:(fclose+0x155)[0x7fe75578da25] - 0x850560
@ /lib/x86_64-linux-gnu/libc.so.6:(fclose+0x155)[0x7fe75578da25] - 0x8507a0
@ ./seq:[0x400c25] - 0x830550
@ ./seq:[0x400c2d] - 0x7fe754710010
= End
